\BOOKMARK [1][-]{section.1}{Introduction}{}% 1
\BOOKMARK [1][-]{section.2}{Quantum Computing with continuous variables}{}% 2
\BOOKMARK [2][-]{subsection.2.1}{Phase-space description}{section.2}% 3
\BOOKMARK [2][-]{subsection.2.2}{CV quantum gates}{section.2}% 4
\BOOKMARK [1][-]{section.3}{Machine learning}{}% 5
\BOOKMARK [2][-]{subsection.3.1}{Supervised Classification and Regression}{section.3}% 6
\BOOKMARK [3][-]{subsubsection.3.1.1}{Classification}{subsection.3.1}% 7
\BOOKMARK [3][-]{subsubsection.3.1.2}{Regression}{subsection.3.1}% 8
\BOOKMARK [2][-]{subsection.3.2}{Deep Neural Networks and backpropagation}{section.3}% 9
\BOOKMARK [1][-]{section.4}{Quantum Machine Learning}{}% 10
\BOOKMARK [2][-]{subsection.4.1}{Variational Quantum Eigensolver}{section.4}% 11
\BOOKMARK [2][-]{subsection.4.2}{Quantum Neural Networks}{section.4}% 12
\BOOKMARK [2][-]{subsection.4.3}{Calculating the gradients of the parameters}{section.4}% 13
\BOOKMARK [1][-]{section.5}{Results}{}% 14
\BOOKMARK [2][-]{subsection.5.1}{Classification}{section.5}% 15
\BOOKMARK [2][-]{subsection.5.2}{Regression}{section.5}% 16
\BOOKMARK [2][-]{subsection.5.3}{CV-VQE for the Bose-Hubbard model}{section.5}% 17
\BOOKMARK [3][-]{subsubsection.5.3.1}{Solving the model by exact diagonalization}{subsection.5.3}% 18
\BOOKMARK [3][-]{subsubsection.5.3.2}{Variational solutions}{subsection.5.3}% 19
\BOOKMARK [1][-]{section.6}{Conclusion and future work}{}% 20
\BOOKMARK [1][-]{appendix.A}{Coherent states}{}% 21
\BOOKMARK [1][-]{appendix.B}{Mathematical preliminaries}{}% 22
\BOOKMARK [2][-]{subsection.B.1}{Hilbert spaces}{appendix.B}% 23
\BOOKMARK [2][-]{subsection.B.2}{Linear operators on Hilbert spaces}{appendix.B}% 24
\BOOKMARK [2][-]{subsection.B.3}{Hermitian Operators, Unitary Operators, Spectral theorem, Hadamard-lemma}{appendix.B}% 25
\BOOKMARK [2][-]{subsection.B.4}{Pure and mixed quantum states}{appendix.B}% 26
